<?xml version="1.0" encoding="UTF-8"?>
<!-- Generated by org.testng.reporters.JUnitReportReporter -->
<testsuite hostname="LAPTOP-BIM2FR3V" failures="0" tests="1" name="testScenarios.HandlingRadCheckBoxes" time="13.701" errors="0" timestamp="2024-11-06T06:22:53 IST" skipped="0">
  <testcase classname="testScenarios.HandlingRadCheckBoxes" name="radChkBoxes" time="13.701"/>
  <system-out/>
</testsuite> <!-- testScenarios.HandlingRadCheckBoxes -->
