<?xml version="1.0" encoding="UTF-8"?>
<!-- Generated by org.testng.reporters.JUnitReportReporter -->
<testsuite hostname="LAPTOP-BIM2FR3V" failures="0" tests="1" name="testScenarios.MouseHover" time="11.525" errors="0" timestamp="2024-11-06T06:22:53 IST" skipped="0">
  <testcase classname="testScenarios.MouseHover" name="dragAndDrp" time="11.525"/>
  <system-out/>
</testsuite> <!-- testScenarios.MouseHover -->
