<?xml version="1.0" encoding="UTF-8"?>
<!-- Generated by org.testng.reporters.JUnitReportReporter -->
<testsuite hostname="LAPTOP-BIM2FR3V" failures="0" tests="1" name="testScenarios.MouseHover" time="10.302" errors="0" timestamp="2024-11-07T06:24:18 IST" skipped="0">
  <testcase classname="testScenarios.MouseHover" name="dragAndDrp" time="10.302"/>
</testsuite> <!-- testScenarios.MouseHover -->
