<?xml version="1.0" encoding="UTF-8"?>
<!-- Generated by org.testng.reporters.JUnitReportReporter -->
<testsuite hostname="LAPTOP-BIM2FR3V" failures="0" tests="1" name="testScenarios.HandlingRadCheckBoxes" time="11.576" errors="0" timestamp="2024-11-07T06:24:18 IST" skipped="0">
  <testcase classname="testScenarios.HandlingRadCheckBoxes" name="radChkBoxes" time="11.576"/>
</testsuite> <!-- testScenarios.HandlingRadCheckBoxes -->
